<?xml version="1.0" encoding="UTF-8"?>
<testsuites name="Mocha Tests" time="1.063" tests="1" failures="0">
  <testsuite name="Root Suite" timestamp="2024-08-06T05:49:11" tests="0" file="cypress\support\e2e\put.js" time="0.000" failures="0">
  </testsuite>
  <testsuite name="gorest Put User testing" timestamp="2024-08-06T05:49:11" tests="1" time="1.056" failures="0">
    <testcase name="gorest Put User testing Create and then update user - POST and PUT" time="1.000" classname="Create and then update user - POST and PUT">
    </testcase>
  </testsuite>
</testsuites>